<?xml version="1.0" encoding="UTF-8"?>

<beans xmlns="http://www.springframework.org/schema/beans"
       xmlns:xsi="http://www.w3.org/2001/XMLSchema-instance"
       xmlns:p="http://www.springframework.org/schema/p"
       xmlns:context="http://www.springframework.org/schema/context"
       xmlns:aop="http://www.springframework.org/schema/aop"
       xsi:schemaLocation="http://www.springframework.org/schema/beans
    					http://www.springframework.org/schema/beans/spring-beans-3.0.xsd
    					http://www.springframework.org/schema/context
        				http://www.springframework.org/schema/context/spring-context-3.0.xsd
        				http://www.springframework.org/schema/aop 
						http://www.springframework.org/schema/aop/spring-aop-3.0.xsd">

    <bean name="def.service" class="com.epam.rest.chat.ChatService">
    	<property name="commandPerformer">
    		<bean class="com.epam.rest.chat.ChatResponseProcessor"/>
    	</property>
    	<property name="commandFactory">
    		<bean class="com.epam.rest.chat.ChatRestCommandFacrtory"/>
    	</property>
    </bean>

</beans>